<?xml version="1.0" encoding="UTF-8"?>
<robot generator="Robot 3.2.1 (Python 3.7.3 on win32)" generated="20200910 09:56:28.123" rpa="false">
<suite id="s1" name="Mytrolley Customer Web automation" source="E:\robot frame work working script\Mytrolley_Customer_Web_automation">
<suite id="s1-s1" name="Test" source="E:\robot frame work working script\Mytrolley_Customer_Web_automation\test">
<suite id="s1-s1-s1" name="Mytrolley Customer Web automation" source="E:\robot frame work working script\Mytrolley_Customer_Web_automation\test\Mytrolley_Customer_Web_automation.robot">
<test id="s1-s1-s1-t1" name="Valid Login">
<kw name="Open Browser in firefox">
<kw name="Open Browser" library="SeleniumLibrary">
<doc>Opens a new browser instance to the optional ``url``.</doc>
<arguments>
<arg>${URL}</arg>
<arg>${BROWSER}</arg>
</arguments>
<msg timestamp="20200910 09:56:29.446" level="INFO">Opening browser 'chrome' to base url 'http://206.189.178.139:8080/'.</msg>
<status status="PASS" starttime="20200910 09:56:29.445" endtime="20200910 09:56:50.898"></status>
</kw>
<status status="PASS" starttime="20200910 09:56:29.445" endtime="20200910 09:56:50.899"></status>
</kw>
<kw name="Maximize Browser Window" library="SeleniumLibrary">
<doc>Maximizes current browser window.</doc>
<kw name="Capture Page Screenshot" library="SeleniumLibrary">
<doc>Takes a screenshot of the current page and embeds it into a log file.</doc>
<msg timestamp="20200910 09:56:59.097" level="FAIL">WebDriverException: Message: chrome not reachable
  (Session info: chrome=85.0.4183.102)
</msg>
<status status="FAIL" starttime="20200910 09:56:54.913" endtime="20200910 09:56:59.098"></status>
</kw>
<msg timestamp="20200910 09:56:59.098" level="WARN">Keyword 'Capture Page Screenshot' could not be run on failure: WebDriverException: Message: chrome not reachable
  (Session info: chrome=85.0.4183.102)
</msg>
<msg timestamp="20200910 09:56:59.125" level="FAIL">WebDriverException: Message: chrome not reachable
  (Session info: chrome=85.0.4183.102)
</msg>
<status status="FAIL" starttime="20200910 09:56:50.899" endtime="20200910 09:56:59.125"></status>
</kw>
<status status="FAIL" starttime="20200910 09:56:29.443" endtime="20200910 09:56:59.126" critical="yes">WebDriverException: Message: chrome not reachable
  (Session info: chrome=85.0.4183.102)
</status>
</test>
<doc>Simple example using SeleniumLibrary.</doc>
<status status="FAIL" starttime="20200910 09:56:28.435" endtime="20200910 09:56:59.130"></status>
</suite>
<status status="FAIL" starttime="20200910 09:56:28.431" endtime="20200910 09:56:59.135"></status>
</suite>
<status status="FAIL" starttime="20200910 09:56:28.387" endtime="20200910 09:56:59.139"></status>
</suite>
<statistics>
<total>
<stat pass="0" fail="1">Critical Tests</stat>
<stat pass="0" fail="1">All Tests</stat>
</total>
<tag>
</tag>
<suite>
<stat pass="0" fail="1" id="s1" name="Mytrolley Customer Web automation">Mytrolley Customer Web automation</stat>
<stat pass="0" fail="1" id="s1-s1" name="Test">Mytrolley Customer Web automation.Test</stat>
<stat pass="0" fail="1" id="s1-s1-s1" name="Mytrolley Customer Web automation">Mytrolley Customer Web automation.Test.Mytrolley Customer Web automation</stat>
</suite>
</statistics>
<errors>
<msg timestamp="20200910 09:56:59.098" level="WARN">Keyword 'Capture Page Screenshot' could not be run on failure: WebDriverException: Message: chrome not reachable
  (Session info: chrome=85.0.4183.102)
</msg>
</errors>
</robot>
